\BOOKMARK [1][-]{section.1}{\376\377\000I\000n\000t\000r\000o\000d\000u\000c\000t\000i\000o\000n}{}% 1
\BOOKMARK [2][-]{subsection.1.1}{\376\377\000A\000t\000t\000e\000n\000t\000i\000o\000n\000\040\000a\000s\000\040\000a\000\040\000`\000`\000s\000t\000o\000r\000e\000\040\000e\000v\000e\000r\000y\000t\000h\000i\000n\000g\000'\000'\000\040\000m\000e\000m\000o\000r\000y}{section.1}% 2
\BOOKMARK [2][-]{subsection.1.2}{\376\377\000T\000h\000e\000\040\000M\000O\000S\000A\000I\000C\000\040\000h\000y\000p\000o\000t\000h\000e\000s\000i\000s}{section.1}% 3
\BOOKMARK [2][-]{subsection.1.3}{\376\377\000E\000v\000e\000n\000t\000-\000n\000a\000t\000i\000v\000e\000\040\000i\000n\000t\000e\000r\000a\000c\000t\000i\000o\000n\000\040\000a\000n\000d\000\040\000t\000h\000e\000\040\000D\000i\000f\000f\000e\000r\000e\000n\000t\000i\000a\000b\000l\000e\000\040\000V\000M\000\040\000v\000i\000e\000w}{section.1}% 4
\BOOKMARK [2][-]{subsection.1.4}{\376\377\000C\000o\000n\000t\000r\000i\000b\000u\000t\000i\000o\000n\000s}{section.1}% 5
\BOOKMARK [1][-]{section.2}{\376\377\000R\000e\000l\000a\000t\000e\000d\000\040\000W\000o\000r\000k}{}% 6
\BOOKMARK [1][-]{section.3}{\376\377\000M\000e\000t\000h\000o\000d\000o\000l\000o\000g\000y}{}% 7
\BOOKMARK [2][-]{subsection.3.1}{\376\377\000O\000v\000e\000r\000v\000i\000e\000w}{section.3}% 8
\BOOKMARK [2][-]{subsection.3.2}{\376\377\000E\000v\000e\000n\000t\000-\000n\000a\000t\000i\000v\000e\000\040\000i\000n\000t\000e\000r\000f\000a\000c\000e\000:\000\040\000J\000S\000O\000N\000\040\000e\000v\000e\000n\000t\000s\000\040\000a\000s\000\040\000b\000y\000t\000e\000\040\000t\000o\000k\000e\000n\000s}{section.3}% 9
\BOOKMARK [2][-]{subsection.3.3}{\376\377\000D\000i\000f\000f\000e\000r\000e\000n\000t\000i\000a\000b\000l\000e\000\040\000V\000M\000\040\000c\000o\000n\000t\000r\000o\000l\000\040\000s\000u\000r\000f\000a\000c\000e\000s\000\040\000\050\000o\000p\000c\000o\000d\000e\000s\000,\000\040\000r\000e\000g\000i\000s\000t\000e\000r\000s\000,\000\040\000c\000o\000m\000m\000i\000t\000m\000e\000n\000t\000s\000\051}{section.3}% 10
\BOOKMARK [2][-]{subsection.3.4}{\376\377\000L\000o\000c\000a\000l\000\040\000m\000i\000x\000e\000r\000:\000\040\000c\000a\000u\000s\000a\000l\000\040\000c\000o\000n\000v\000o\000l\000u\000t\000i\000o\000n\000a\000l\000\040\000m\000i\000x\000e\000r}{section.3}% 11
\BOOKMARK [2][-]{subsection.3.5}{\376\377\000M\000u\000l\000t\000i\000s\000c\000a\000l\000e\000\040\000c\000o\000n\000t\000i\000n\000u\000o\000u\000s\000\040\000s\000t\000a\000t\000e}{section.3}% 12
\BOOKMARK [2][-]{subsection.3.6}{\376\377\000A\000s\000s\000o\000c\000i\000a\000t\000i\000v\000e\000\040\000i\000n\000d\000e\000x\000e\000d\000\040\000c\000a\000c\000h\000e\000\040\000\050\000h\000a\000r\000d\000-\000a\000d\000d\000r\000e\000s\000s\000e\000d\000\051}{section.3}% 13
\BOOKMARK [2][-]{subsection.3.7}{\376\377\000T\000h\000e\000\040\000h\000i\000d\000d\000e\000n\000\040\000b\000o\000t\000t\000l\000e\000n\000e\000c\000k\000:\000\040\000a\000d\000d\000r\000e\000s\000s\000i\000n\000g}{section.3}% 14
\BOOKMARK [2][-]{subsection.3.8}{\376\377\000T\000r\000a\000i\000n\000i\000n\000g\000:\000\040\000m\000a\000k\000i\000n\000g\000\040\000t\000h\000e\000\040\000m\000e\000m\000o\000r\000y\000\040\000g\000e\000t\000\040\000u\000s\000e\000d}{section.3}% 15
\BOOKMARK [2][-]{subsection.3.9}{\376\377\000F\000u\000s\000i\000o\000n}{section.3}% 16
\BOOKMARK [2][-]{subsection.3.10}{\376\377\000O\000p\000t\000i\000o\000n\000a\000l\000\040\000n\000-\000g\000r\000a\000m\000\040\000c\000o\000n\000t\000i\000n\000u\000a\000t\000i\000o\000n\000\040\000c\000a\000c\000h\000e}{section.3}% 17
\BOOKMARK [2][-]{subsection.3.11}{\376\377\000S\000t\000r\000e\000a\000m\000i\000n\000g\000\040\000i\000n\000f\000e\000r\000e\000n\000c\000e}{section.3}% 18
\BOOKMARK [3][-]{subsubsection.3.11.1}{\376\377\000E\000v\000e\000n\000t\000-\000d\000r\000i\000v\000e\000n\000\040\000r\000u\000n\000t\000i\000m\000e\000\040\000\050\000M\000o\000d\000e\000\040\000B\000\040\000c\000o\000m\000m\000i\000t\000m\000e\000n\000t\000\040\000i\000n\000j\000e\000c\000t\000i\000o\000n\000\051}{subsection.3.11}% 19
\BOOKMARK [2][-]{subsection.3.12}{\376\377\000I\000m\000p\000l\000e\000m\000e\000n\000t\000a\000t\000i\000o\000n\000\040\000\050\000C\000a\000r\000a\000m\000b\000a\000\051}{section.3}% 20
\BOOKMARK [1][-]{section.4}{\376\377\000E\000x\000p\000e\000r\000i\000m\000e\000n\000t\000s}{}% 21
\BOOKMARK [2][-]{subsection.4.1}{\376\377\000S\000e\000t\000u\000p}{section.4}% 22
\BOOKMARK [2][-]{subsection.4.2}{\376\377\000S\000t\000r\000e\000s\000s\000\040\000t\000e\000s\000t\000s\000\040\000\050\000w\000h\000a\000t\000\040\000s\000h\000o\000u\000l\000d\000\040\000b\000r\000e\000a\000k\000\040\000f\000i\000r\000s\000t\000\051}{section.4}% 23
\BOOKMARK [2][-]{subsection.4.3}{\376\377\000A\000b\000l\000a\000t\000i\000o\000n\000s}{section.4}% 24
\BOOKMARK [1][-]{section.5}{\376\377\000D\000i\000s\000c\000u\000s\000s\000i\000o\000n}{}% 25
\BOOKMARK [2][-]{subsection.5.1}{\376\377\000T\000r\000a\000d\000e\000-\000o\000f\000f\000s}{section.5}% 26
\BOOKMARK [2][-]{subsection.5.2}{\376\377\000W\000h\000y\000\040\000t\000h\000e\000\040\000n\000-\000g\000r\000a\000m\000\040\000c\000a\000c\000h\000e\000\040\000i\000s\000\040\000d\000i\000s\000p\000r\000o\000p\000o\000r\000t\000i\000o\000n\000a\000t\000e\000l\000y\000\040\000h\000i\000g\000h\000-\000y\000i\000e\000l\000d}{section.5}% 27
\BOOKMARK [2][-]{subsection.5.3}{\376\377\000C\000o\000n\000t\000i\000n\000u\000a\000l\000\040\000l\000e\000a\000r\000n\000i\000n\000g\000\040\000a\000s\000\040\000a\000\040\000f\000i\000r\000s\000t\000-\000c\000l\000a\000s\000s\000\040\000d\000e\000s\000i\000g\000n\000\040\000a\000x\000i\000s}{section.5}% 28
\BOOKMARK [2][-]{subsection.5.4}{\376\377\000S\000t\000r\000u\000c\000t\000u\000r\000e\000d\000\040\000i\000n\000t\000e\000r\000n\000a\000l\000\040\000c\000o\000n\000t\000r\000o\000l\000\040\000\050\000a\000\040\000c\000o\000n\000t\000r\000o\000l\000l\000e\000r\000\040\000D\000S\000L\000\051}{section.5}% 29
\BOOKMARK [1][-]{section.6}{\376\377\000C\000o\000n\000c\000l\000u\000s\000i\000o\000n}{}% 30
\BOOKMARK [1][-]{appendix.A}{\376\377\000M\000a\000n\000i\000f\000e\000s\000t\000\040\000s\000n\000i\000p\000p\000e\000t}{}% 31
\BOOKMARK [1][-]{appendix.B}{\376\377\000I\000m\000p\000l\000e\000m\000e\000n\000t\000a\000t\000i\000o\000n\000\040\000n\000o\000t\000e\000s}{}% 32
